Arguments: 
  /home/michael/.nvm/versions/node/v14.18.1/bin/node /usr/share/yarn/bin/yarn.js --production

PATH: 
  /home/michael/.amplify/bin:/home/michael/.nvm/versions/node/v14.18.1/bin:/usr/local/sbin:/usr/local/bin:/usr/sbin:/usr/bin:/sbin:/bin:/usr/games:/usr/local/games:/snap/bin:/home/michael/Android/Sdk/tools:/home/michael/Android/Sdk/platform-tools:/home/michael/Android/Sdk/tools:/home/michael/Android/Sdk/platform-tools

Yarn version: 
  1.22.17

Node version: 
  14.18.1

Platform: 
  linux x64

Trace: 
  SyntaxError: /home/michael/Utalk-Chat/amplify/backend/function/UtalkchatPostConfirmation/src/package.json: Unexpected token / in JSON at position 0
      at JSON.parse (<anonymous>)
      at /usr/share/yarn/lib/cli.js:1625:59
      at Generator.next (<anonymous>)
      at step (/usr/share/yarn/lib/cli.js:310:30)
      at /usr/share/yarn/lib/cli.js:321:13

npm manifest: 
  /* {
    "name": "UtalkchatPostConfirmation",
    "version": "2.0.0",
    "description": "Lambda function generated by Amplify",
    "main": "index.js",
    "license": "Apache-2.0",
    "dependencies": {
      "axios": "latest"
    }
  }
   */

yarn manifest: 
  No manifest

Lockfile: 
  # THIS IS AN AUTOGENERATED FILE. DO NOT EDIT THIS FILE DIRECTLY.
  # yarn lockfile v1
  
  
  axios@latest:
    version "0.24.0"
    resolved "https://registry.yarnpkg.com/axios/-/axios-0.24.0.tgz#804e6fa1e4b9c5288501dd9dff56a7a0940d20d6"
    integrity sha512-Q6cWsys88HoPgAaFAVUb0WpPk0O8iTeisR9IMqy9G8AbO4NlpVknrnQS03zzF9PGAWgO3cgletO3VjV/P7VztA==
    dependencies:
      follow-redirects "^1.14.4"
  
  follow-redirects@^1.14.4:
    version "1.14.6"
    resolved "https://registry.yarnpkg.com/follow-redirects/-/follow-redirects-1.14.6.tgz#8cfb281bbc035b3c067d6cd975b0f6ade6e855cd"
    integrity sha512-fhUl5EwSJbbl8AR+uYL2KQDxLkdSjZGR36xy46AO7cOMTrCMON6Sa28FmAnC2tRTDbd/Uuzz3aJBv7EBN7JH8A==
